<?xml version="1.0" encoding="UTF-8"?>
<testng-results ignored="0" total="2" passed="2" failed="0" skipped="0">
  <reporter-output>
  </reporter-output>
  <suite started-at="2026-05-17T21:53:55 IST" name="Job Application Suite" finished-at="2026-05-17T21:54:09 IST" duration-ms="13674">
    <groups>
    </groups>
    <test started-at="2026-05-17T21:53:55 IST" name="Send Emails" finished-at="2026-05-17T21:54:09 IST" duration-ms="13674">
      <class name="tests.JobApplicationTest">
        <test-method is-config="true" signature="setup()[pri:0, instance:tests.JobApplicationTest@408d971b]" started-at="2026-05-17T21:53:55 IST" name="setup" finished-at="2026-05-17T21:53:55 IST" duration-ms="312" status="PASS">
          <reporter-output>
          </reporter-output>
        </test-method> <!-- setup -->
        <test-method signature="sendJobApplication(models.RecruiterData)[pri:0, instance:tests.JobApplicationTest@408d971b]" started-at="2026-05-17T21:53:56 IST" name="sendJobApplication" data-provider="recruiterData" finished-at="2026-05-17T21:54:03 IST" duration-ms="6380" status="PASS">
          <params>
            <param index="0">
              <value>
                <![CDATA[models.RecruiterData@6345e7b9]]>
              </value>
            </param>
          </params>
          <reporter-output>
          </reporter-output>
        </test-method> <!-- sendJobApplication -->
        <test-method signature="sendJobApplication(models.RecruiterData)[pri:0, instance:tests.JobApplicationTest@408d971b]" started-at="2026-05-17T21:54:03 IST" name="sendJobApplication" data-provider="recruiterData" finished-at="2026-05-17T21:54:09 IST" duration-ms="6036" status="PASS">
          <params>
            <param index="0">
              <value>
                <![CDATA[models.RecruiterData@5d51e129]]>
              </value>
            </param>
          </params>
          <reporter-output>
          </reporter-output>
        </test-method> <!-- sendJobApplication -->
        <test-method is-config="true" signature="tearDown()[pri:0, instance:tests.JobApplicationTest@408d971b]" started-at="2026-05-17T21:54:09 IST" name="tearDown" finished-at="2026-05-17T21:54:09 IST" duration-ms="314" status="PASS">
          <reporter-output>
          </reporter-output>
        </test-method> <!-- tearDown -->
      </class> <!-- tests.JobApplicationTest -->
    </test> <!-- Send Emails -->
  </suite> <!-- Job Application Suite -->
</testng-results>
