<?xml version="1.0" encoding="UTF-8"?>
<!-- Generated by org.testng.reporters.JUnitReportReporter -->
<testsuite hostname="TYSS-Piyush-Baldaniya" failures="0" tests="2" name="tests.JobApplicationTest" time="12.416" errors="0" timestamp="2026-05-17T21:54:09 IST" skipped="0">
  <testcase classname="tests.JobApplicationTest" name="sendJobApplication" time="6.380"/>
  <testcase classname="tests.JobApplicationTest" name="sendJobApplication" time="6.036"/>
</testsuite> <!-- tests.JobApplicationTest -->
